<?xml version="1.0" encoding="UTF-8"?>
<!-- Generated by org.testng.reporters.JUnitReportReporter -->
<testsuite name="mq.TestProject.AppTest" tests="1" time="21.249" ignored="0" failures="0" timestamp="01 Mar 2017 22:52:42 GMT" skipped="0" hostname="lenovo" errors="0">
  <testcase name="m1" time="21.249" classname="mq.TestProject.AppTest"/>
</testsuite> <!-- mq.TestProject.AppTest -->
